<?xml version="1.0" encoding="UTF-8"?>
<testsuite xmlns:xsi="http://www.w3.org/2001/XMLSchema-instance" xsi:noNamespaceSchemaLocation="https://maven.apache.org/surefire/maven-surefire-plugin/xsd/surefire-test-report-3.0.xsd" version="3.0" name="com.example.dao.CitizenDAOTest" time="0.887" tests="4" errors="0" skipped="0" failures="0">
  <properties>
[...]
</properties>
  <testcase name="testSaveAndFindById" classname="com.example.dao.CitizenDAOTest" time="0.064">
    <system-out><![CDATA[Hibernate: 
    drop table if exists citizens
Hibernate: 
    create table citizens (
        id integer,
        name varchar(100) not null,
        surname varchar(100) not null,
        primary key (id)
    )
Hibernate: 
    insert 
    into
        citizens
        (name,surname) 
    values
        (?,?)
Hibernate: 
    select
        c1_0.id,
        c1_0.name,
        c1_0.surname 
    from
        citizens c1_0 
    where
        c1_0.id=?
]]></system-out>
    <system-err><![CDATA[Jul 26, 2025 11:35:03 PM org.hibernate.jpa.internal.util.LogHelper logPersistenceUnitInformation
INFO: HHH000204: Processing PersistenceUnitInfo [name: citizenPU]
Jul 26, 2025 11:35:03 PM org.hibernate.Version logVersion
INFO: HHH000412: Hibernate ORM core version 6.2.7.Final
Jul 26, 2025 11:35:03 PM org.hibernate.cfg.Environment <clinit>
INFO: HHH000406: Using bytecode reflection optimizer
Jul 26, 2025 11:35:03 PM org.hibernate.engine.jdbc.connections.internal.DriverManagerConnectionProviderImpl configure
WARN: HHH10001002: Using built-in connection pool (not intended for production use)
Jul 26, 2025 11:35:03 PM org.hibernate.engine.jdbc.connections.internal.DriverManagerConnectionProviderImpl buildCreator
INFO: HHH10001005: Loaded JDBC driver class: org.sqlite.JDBC
Jul 26, 2025 11:35:03 PM org.hibernate.engine.jdbc.connections.internal.DriverManagerConnectionProviderImpl buildCreator
INFO: HHH10001012: Connecting with JDBC URL [jdbc:sqlite:citizens.db]
Jul 26, 2025 11:35:03 PM org.hibernate.engine.jdbc.connections.internal.DriverManagerConnectionProviderImpl buildCreator
INFO: HHH10001001: Connection properties: {password=****, user=}
Jul 26, 2025 11:35:03 PM org.hibernate.engine.jdbc.connections.internal.DriverManagerConnectionProviderImpl buildCreator
INFO: HHH10001003: Autocommit mode: false
Jul 26, 2025 11:35:03 PM org.hibernate.engine.jdbc.connections.internal.DriverManagerConnectionProviderImpl$PooledConnections <init>
INFO: HHH10001115: Connection pool size: 5 (min=1)
Jul 26, 2025 11:35:04 PM org.hibernate.bytecode.internal.BytecodeProviderInitiator buildBytecodeProvider
INFO: HHH000021: Bytecode provider name : bytebuddy
Jul 26, 2025 11:35:04 PM org.hibernate.validator.internal.util.Version <clinit>
INFO: HV000001: Hibernate Validator 8.0.1.Final
Jul 26, 2025 11:35:04 PM org.hibernate.engine.transaction.jta.platform.internal.JtaPlatformInitiator initiateService
INFO: HHH000490: Using JtaPlatform implementation: [org.hibernate.engine.transaction.jta.platform.internal.NoJtaPlatform]
Jul 26, 2025 11:35:04 PM org.hibernate.resource.transaction.backend.jdbc.internal.DdlTransactionIsolatorNonJtaImpl getIsolatedConnection
INFO: HHH10001501: Connection obtained from JdbcConnectionAccess [org.hibernate.engine.jdbc.env.internal.JdbcEnvironmentInitiator$ConnectionProviderJdbcConnectionAccess@6169be09] for (non-JTA) DDL execution was not in auto-commit mode; the Connection 'local transaction' will be committed and the Connection will be set into auto-commit mode.
Jul 26, 2025 11:35:04 PM org.hibernate.resource.transaction.backend.jdbc.internal.DdlTransactionIsolatorNonJtaImpl getIsolatedConnection
INFO: HHH10001501: Connection obtained from JdbcConnectionAccess [org.hibernate.engine.jdbc.env.internal.JdbcEnvironmentInitiator$ConnectionProviderJdbcConnectionAccess@6aea99e7] for (non-JTA) DDL execution was not in auto-commit mode; the Connection 'local transaction' will be committed and the Connection will be set into auto-commit mode.
]]></system-err>
  </testcase>
  <testcase name="testFindAll" classname="com.example.dao.CitizenDAOTest" time="0.098">
    <system-out><![CDATA[Hibernate: 
    select
        c1_0.id,
        c1_0.name,
        c1_0.surname 
    from
        citizens c1_0
]]></system-out>
  </testcase>
  <testcase name="testFindByName" classname="com.example.dao.CitizenDAOTest" time="0.014">
    <system-out><![CDATA[Hibernate: 
    select
        c1_0.id,
        c1_0.name,
        c1_0.surname 
    from
        citizens c1_0 
    where
        c1_0.name like ?
]]></system-out>
  </testcase>
  <testcase name="testDelete" classname="com.example.dao.CitizenDAOTest" time="0.014">
    <system-out><![CDATA[Hibernate: 
    select
        c1_0.id,
        c1_0.name,
        c1_0.surname 
    from
        citizens c1_0
Hibernate: 
    select
        c1_0.id,
        c1_0.name,
        c1_0.surname 
    from
        citizens c1_0 
    where
        c1_0.id=?
Hibernate: 
    delete 
    from
        citizens 
    where
        id=?
Hibernate: 
    select
        c1_0.id,
        c1_0.name,
        c1_0.surname 
    from
        citizens c1_0 
    where
        c1_0.id=?
]]></system-out>
  </testcase>
</testsuite>